<?xml version="1.0" encoding="UTF-8"?>
<testng-results ignored="0" total="1" passed="1" failed="0" skipped="0">
  <reporter-output>
  </reporter-output>
  <suite started-at="2023-04-07T15:44:56 IST" name="Default suite" finished-at="2023-04-07T15:45:07 IST" duration-ms="11235">
    <groups>
    </groups>
    <test started-at="2023-04-07T15:44:56 IST" name="Default test" finished-at="2023-04-07T15:45:07 IST" duration-ms="11235">
      <class name="Mongo.TEST">
        <test-method is-config="true" signature="ConnectMongoDB()[pri:0, instance:Mongo.TEST@47af7f3d]" started-at="2023-04-07T15:44:56 IST" name="ConnectMongoDB" finished-at="2023-04-07T15:44:56 IST" duration-ms="616" status="PASS">
          <reporter-output>
          </reporter-output>
        </test-method> <!-- ConnectMongoDB -->
        <test-method is-config="true" signature="setUp()[pri:0, instance:Mongo.TEST@47af7f3d]" started-at="2023-04-07T15:44:56 IST" name="setUp" finished-at="2023-04-07T15:45:03 IST" duration-ms="6951" status="PASS">
          <reporter-output>
          </reporter-output>
        </test-method> <!-- setUp -->
        <test-method signature="m1()[pri:0, instance:Mongo.TEST@47af7f3d]" started-at="2023-04-07T15:45:03 IST" name="m1" finished-at="2023-04-07T15:45:07 IST" duration-ms="4189" status="PASS">
          <reporter-output>
          </reporter-output>
        </test-method> <!-- m1 -->
      </class> <!-- Mongo.TEST -->
    </test> <!-- Default test -->
  </suite> <!-- Default suite -->
</testng-results>
